# JRE version: OpenJDK Runtime Environment Temurin-21.0.11+10 (21.0.11+10) (build 21.0.11+10-LTS)
# Java VM: OpenJDK 64-Bit Server VM Temurin-21.0.11+10 (21.0.11+10-LTS, mixed mode, sharing, tiered, compressed oops, compressed class ptrs, parallel gc, windows-amd64)
GC Precious Log:
 CardTable entry size: 512
 CPUs: 8 total, 8 available
 Memory: 15284M
 Large Page Support: Disabled
 NUMA Support: Disabled
 Compressed Oops: Enabled (32-bit)
 Alignments: Space 512K, Generation 512K, Heap 2M
 Heap Min Capacity: 100M
 Heap Initial Capacity: 100M
 Heap Max Capacity: 2G
 Pre-touch: Disabled
 Parallel Workers: 8
Heap:
 PSYoungGen      total 4608K, used 4573K [0x00000000d5580000, 0x00000000d5d80000, 0x0000000100000000)
  eden space 3584K, 99% used [0x00000000d5580000,0x00000000d58fe4b0,0x00000000d5900000)
  from space 1024K, 97% used [0x00000000d5b00000,0x00000000d5bf9210,0x00000000d5c00000)
  to   space 2048K, 0% used [0x00000000d5900000,0x00000000d5900000,0x00000000d5b00000)
 ParOldGen       total 1209344K, used 1209102K [0x0000000080000000, 0x00000000c9d00000, 0x00000000d5580000)
  object space 1209344K, 99% used [0x0000000080000000,0x00000000c9cc3808,0x00000000c9d00000)
 Metaspace       used 94458K, committed 96384K, reserved 1179648K
  class space    used 9570K, committed 10496K, reserved 1048576K
GC Heap History (20 events):
Event: 6670.659 GC heap before
{Heap before GC invocations=3556 (full 5):
 PSYoungGen      total 6656K, used 6010K [0x00000000d5580000, 0x00000000d5f80000, 0x0000000100000000)
  eden space 4096K, 100% used [0x00000000d5580000,0x00000000d5980000,0x00000000d5980000)
  from space 2560K, 74% used [0x00000000d5d00000,0x00000000d5ede900,0x00000000d5f80000)
  to   space 3072K, 0% used [0x00000000d5980000,0x00000000d5980000,0x00000000d5c80000)
 ParOldGen       total 1203200K, used 1202849K [0x0000000080000000, 0x00000000c9700000, 0x00000000d5580000)
  object space 1203200K, 99% used [0x0000000080000000,0x00000000c96a8768,0x00000000c9700000)
 Metaspace       used 94422K, committed 96320K, reserved 1179648K
  class space    used 9570K, committed 10496K, reserved 1048576K
}
Event: 6670.663 GC heap after
{Heap after GC invocations=3556 (full 5):
 PSYoungGen      total 7168K, used 1146K [0x00000000d5580000, 0x00000000d5e80000, 0x0000000100000000)
  eden space 4096K, 0% used [0x00000000d5580000,0x00000000d5580000,0x00000000d5980000)
  from space 3072K, 37% used [0x00000000d5980000,0x00000000d5a9e900,0x00000000d5c80000)
  to   space 2048K, 0% used [0x00000000d5c80000,0x00000000d5c80000,0x00000000d5e80000)
 ParOldGen       total 1204736K, used 1204606K [0x0000000080000000, 0x00000000c9880000, 0x00000000d5580000)
  object space 1204736K, 99% used [0x0000000080000000,0x00000000c985f968,0x00000000c9880000)
 Metaspace       used 94422K, committed 96320K, reserved 1179648K
  class space    used 9570K, committed 10496K, reserved 1048576K
}
Event: 6671.031 GC heap before
{Heap before GC invocations=3557 (full 5):
 PSYoungGen      total 7168K, used 5242K [0x00000000d5580000, 0x00000000d5e80000, 0x0000000100000000)
  eden space 4096K, 100% used [0x00000000d5580000,0x00000000d5980000,0x00000000d5980000)
  from space 3072K, 37% used [0x00000000d5980000,0x00000000d5a9e900,0x00000000d5c80000)
  to   space 2048K, 0% used [0x00000000d5c80000,0x00000000d5c80000,0x00000000d5e80000)
 ParOldGen       total 1204736K, used 1204606K [0x0000000080000000, 0x00000000c9880000, 0x00000000d5580000)
  object space 1204736K, 99% used [0x0000000080000000,0x00000000c985f968,0x00000000c9880000)
 Metaspace       used 94429K, committed 96320K, reserved 1179648K
  class space    used 9570K, committed 10496K, reserved 1048576K
}
Event: 6671.035 GC heap after
{Heap after GC invocations=3557 (full 5):
 PSYoungGen      total 5120K, used 980K [0x00000000d5580000, 0x00000000d5d80000, 0x0000000100000000)
  eden space 4096K, 0% used [0x00000000d5580000,0x00000000d5580000,0x00000000d5980000)
  from space 1024K, 95% used [0x00000000d5c80000,0x00000000d5d75200,0x00000000d5d80000)
  to   space 1536K, 0% used [0x00000000d5a80000,0x00000000d5a80000,0x00000000d5c00000)
 ParOldGen       total 1205760K, used 1205642K [0x0000000080000000, 0x00000000c9980000, 0x00000000d5580000)
  object space 1205760K, 99% used [0x0000000080000000,0x00000000c9962b88,0x00000000c9980000)
 Metaspace       used 94429K, committed 96320K, reserved 1179648K
  class space    used 9570K, committed 10496K, reserved 1048576K
}
Event: 6671.432 GC heap before
{Heap before GC invocations=3558 (full 5):
 PSYoungGen      total 5120K, used 5076K [0x00000000d5580000, 0x00000000d5d80000, 0x0000000100000000)
  eden space 4096K, 99% used [0x00000000d5580000,0x00000000d597fec8,0x00000000d5980000)
  from space 1024K, 95% used [0x00000000d5c80000,0x00000000d5d75200,0x00000000d5d80000)
  to   space 1536K, 0% used [0x00000000d5a80000,0x00000000d5a80000,0x00000000d5c00000)
 ParOldGen       total 1205760K, used 1205642K [0x0000000080000000, 0x00000000c9980000, 0x00000000d5580000)
  object space 1205760K, 99% used [0x0000000080000000,0x00000000c9962b88,0x00000000c9980000)
 Metaspace       used 94432K, committed 96320K, reserved 1179648K
  class space    used 9570K, committed 10496K, reserved 1048576K
}
Event: 6671.436 GC heap after
{Heap after GC invocations=3558 (full 5):
 PSYoungGen      total 5632K, used 128K [0x00000000d5580000, 0x00000000d5d00000, 0x0000000100000000)
  eden space 4096K, 0% used [0x00000000d5580000,0x00000000d5580000,0x00000000d5980000)
  from space 1536K, 8% used [0x00000000d5a80000,0x00000000d5aa0000,0x00000000d5c00000)
  to   space 512K, 0% used [0x00000000d5c80000,0x00000000d5c80000,0x00000000d5d00000)
 ParOldGen       total 1206272K, used 1206010K [0x0000000080000000, 0x00000000c9a00000, 0x00000000d5580000)
  object space 1206272K, 99% used [0x0000000080000000,0x00000000c99beb88,0x00000000c9a00000)
 Metaspace       used 94432K, committed 96320K, reserved 1179648K
  class space    used 9570K, committed 10496K, reserved 1048576K
}
Event: 6671.472 GC heap before
{Heap before GC invocations=3559 (full 5):
 PSYoungGen      total 5632K, used 4223K [0x00000000d5580000, 0x00000000d5d00000, 0x0000000100000000)
  eden space 4096K, 99% used [0x00000000d5580000,0x00000000d597ffc8,0x00000000d5980000)
  from space 1536K, 8% used [0x00000000d5a80000,0x00000000d5aa0000,0x00000000d5c00000)
  to   space 512K, 0% used [0x00000000d5c80000,0x00000000d5c80000,0x00000000d5d00000)
 ParOldGen       total 1206272K, used 1206010K [0x0000000080000000, 0x00000000c9a00000, 0x00000000d5580000)
  object space 1206272K, 99% used [0x0000000080000000,0x00000000c99beb88,0x00000000c9a00000)
 Metaspace       used 94437K, committed 96320K, reserved 1179648K
  class space    used 9570K, committed 10496K, reserved 1048576K
}
Event: 6671.475 GC heap after
{Heap after GC invocations=3559 (full 5):
 PSYoungGen      total 4608K, used 504K [0x00000000d5580000, 0x00000000d5d00000, 0x0000000100000000)
  eden space 4096K, 0% used [0x00000000d5580000,0x00000000d5580000,0x00000000d5980000)
  from space 512K, 98% used [0x00000000d5c80000,0x00000000d5cfe0c0,0x00000000d5d00000)
  to   space 1536K, 0% used [0x00000000d5a00000,0x00000000d5a00000,0x00000000d5b80000)
 ParOldGen       total 1206784K, used 1206470K [0x0000000080000000, 0x00000000c9a80000, 0x00000000d5580000)
  object space 1206784K, 99% used [0x0000000080000000,0x00000000c9a31ba8,0x00000000c9a80000)
 Metaspace       used 94437K, committed 96320K, reserved 1179648K
  class space    used 9570K, committed 10496K, reserved 1048576K
}
Event: 6671.518 GC heap before
{Heap before GC invocations=3560 (full 5):
 PSYoungGen      total 4608K, used 4600K [0x00000000d5580000, 0x00000000d5d00000, 0x0000000100000000)
  eden space 4096K, 100% used [0x00000000d5580000,0x00000000d5980000,0x00000000d5980000)
  from space 512K, 98% used [0x00000000d5c80000,0x00000000d5cfe0c0,0x00000000d5d00000)
  to   space 1536K, 0% used [0x00000000d5a00000,0x00000000d5a00000,0x00000000d5b80000)
 ParOldGen       total 1206784K, used 1206470K [0x0000000080000000, 0x00000000c9a80000, 0x00000000d5580000)
  object space 1206784K, 99% used [0x0000000080000000,0x00000000c9a31ba8,0x00000000c9a80000)
 Metaspace       used 94441K, committed 96320K, reserved 1179648K
  class space    used 9570K, committed 10496K, reserved 1048576K
}
Event: 6671.520 GC heap after
{Heap after GC invocations=3560 (full 5):
 PSYoungGen      total 5632K, used 704K [0x00000000d5580000, 0x00000000d5d00000, 0x0000000100000000)
  eden space 4096K, 0% used [0x00000000d5580000,0x00000000d5580000,0x00000000d5980000)
  from space 1536K, 45% used [0x00000000d5a00000,0x00000000d5ab0000,0x00000000d5b80000)
  to   space 1024K, 0% used [0x00000000d5c00000,0x00000000d5c00000,0x00000000d5d00000)
 ParOldGen       total 1206784K, used 1206773K [0x0000000080000000, 0x00000000c9a80000, 0x00000000d5580000)
  object space 1206784K, 99% used [0x0000000080000000,0x00000000c9a7d7f0,0x00000000c9a80000)
 Metaspace       used 94441K, committed 96320K, reserved 1179648K
  class space    used 9570K, committed 10496K, reserved 1048576K
}
Event: 6671.839 GC heap before
{Heap before GC invocations=3561 (full 5):
 PSYoungGen      total 5632K, used 4800K [0x00000000d5580000, 0x00000000d5d00000, 0x0000000100000000)
  eden space 4096K, 100% used [0x00000000d5580000,0x00000000d5980000,0x00000000d5980000)
  from space 1536K, 45% used [0x00000000d5a00000,0x00000000d5ab0000,0x00000000d5b80000)
  to   space 1024K, 0% used [0x00000000d5c00000,0x00000000d5c00000,0x00000000d5d00000)
 ParOldGen       total 1206784K, used 1206773K [0x0000000080000000, 0x00000000c9a80000, 0x00000000d5580000)
  object space 1206784K, 99% used [0x0000000080000000,0x00000000c9a7d7f0,0x00000000c9a80000)
 Metaspace       used 94441K, committed 96320K, reserved 1179648K
  class space    used 9570K, committed 10496K, reserved 1048576K
}
Event: 6671.843 GC heap after
{Heap after GC invocations=3561 (full 5):
 PSYoungGen      total 4608K, used 410K [0x00000000d5580000, 0x00000000d5c80000, 0x0000000100000000)
  eden space 4096K, 0% used [0x00000000d5580000,0x00000000d5580000,0x00000000d5980000)
  from space 512K, 80% used [0x00000000d5c00000,0x00000000d5c66bf8,0x00000000d5c80000)
  to   space 1024K, 0% used [0x00000000d5a80000,0x00000000d5a80000,0x00000000d5b80000)
 ParOldGen       total 1207808K, used 1207391K [0x0000000080000000, 0x00000000c9b80000, 0x00000000d5580000)
  object space 1207808K, 99% used [0x0000000080000000,0x00000000c9b17f80,0x00000000c9b80000)
 Metaspace       used 94441K, committed 96320K, reserved 1179648K
  class space    used 9570K, committed 10496K, reserved 1048576K
}
Event: 6671.886 GC heap before
{Heap before GC invocations=3562 (full 5):
 PSYoungGen      total 4608K, used 4506K [0x00000000d5580000, 0x00000000d5c80000, 0x0000000100000000)
  eden space 4096K, 100% used [0x00000000d5580000,0x00000000d5980000,0x00000000d5980000)
  from space 512K, 80% used [0x00000000d5c00000,0x00000000d5c66bf8,0x00000000d5c80000)
  to   space 1024K, 0% used [0x00000000d5a80000,0x00000000d5a80000,0x00000000d5b80000)
 ParOldGen       total 1207808K, used 1207391K [0x0000000080000000, 0x00000000c9b80000, 0x00000000d5580000)
  object space 1207808K, 99% used [0x0000000080000000,0x00000000c9b17f80,0x00000000c9b80000)
 Metaspace       used 94446K, committed 96320K, reserved 1179648K
  class space    used 9570K, committed 10496K, reserved 1048576K
}
Event: 6671.890 GC heap after
{Heap after GC invocations=3562 (full 5):
 PSYoungGen      total 5120K, used 1024K [0x00000000d5580000, 0x00000000d5c80000, 0x0000000100000000)
  eden space 4096K, 0% used [0x00000000d5580000,0x00000000d5580000,0x00000000d5980000)
  from space 1024K, 100% used [0x00000000d5a80000,0x00000000d5b80000,0x00000000d5b80000)
  to   space 1024K, 0% used [0x00000000d5b80000,0x00000000d5b80000,0x00000000d5c80000)
 ParOldGen       total 1207808K, used 1207650K [0x0000000080000000, 0x00000000c9b80000, 0x00000000d5580000)
  object space 1207808K, 99% used [0x0000000080000000,0x00000000c9b58b78,0x00000000c9b80000)
 Metaspace       used 94446K, committed 96320K, reserved 1179648K
  class space    used 9570K, committed 10496K, reserved 1048576K
}
Event: 6671.913 GC heap before
{Heap before GC invocations=3563 (full 5):
 PSYoungGen      total 5120K, used 5120K [0x00000000d5580000, 0x00000000d5c80000, 0x0000000100000000)
  eden space 4096K, 100% used [0x00000000d5580000,0x00000000d5980000,0x00000000d5980000)
  from space 1024K, 100% used [0x00000000d5a80000,0x00000000d5b80000,0x00000000d5b80000)
  to   space 1024K, 0% used [0x00000000d5b80000,0x00000000d5b80000,0x00000000d5c80000)
 ParOldGen       total 1207808K, used 1207650K [0x0000000080000000, 0x00000000c9b80000, 0x00000000d5580000)
  object space 1207808K, 99% used [0x0000000080000000,0x00000000c9b58b78,0x00000000c9b80000)
 Metaspace       used 94453K, committed 96384K, reserved 1179648K
  class space    used 9570K, committed 10496K, reserved 1048576K
}
Event: 6671.918 GC heap after
{Heap after GC invocations=3563 (full 5):
 PSYoungGen      total 5120K, used 996K [0x00000000d5580000, 0x00000000d5c80000, 0x0000000100000000)
  eden space 4096K, 0% used [0x00000000d5580000,0x00000000d5580000,0x00000000d5980000)
  from space 1024K, 97% used [0x00000000d5b80000,0x00000000d5c79210,0x00000000d5c80000)
  to   space 1536K, 0% used [0x00000000d5980000,0x00000000d5980000,0x00000000d5b00000)
 ParOldGen       total 1208832K, used 1208641K [0x0000000080000000, 0x00000000c9c80000, 0x00000000d5580000)
  object space 1208832K, 99% used [0x0000000080000000,0x00000000c9c505f8,0x00000000c9c80000)
 Metaspace       used 94453K, committed 96384K, reserved 1179648K
  class space    used 9570K, committed 10496K, reserved 1048576K
}
Event: 6678.994 GC heap before
{Heap before GC invocations=3564 (full 5):
 PSYoungGen      total 5120K, used 5092K [0x00000000d5580000, 0x00000000d5c80000, 0x0000000100000000)
  eden space 4096K, 100% used [0x00000000d5580000,0x00000000d5980000,0x00000000d5980000)
  from space 1024K, 97% used [0x00000000d5b80000,0x00000000d5c79210,0x00000000d5c80000)
  to   space 1536K, 0% used [0x00000000d5980000,0x00000000d5980000,0x00000000d5b00000)
 ParOldGen       total 1208832K, used 1208641K [0x0000000080000000, 0x00000000c9c80000, 0x00000000d5580000)
  object space 1208832K, 99% used [0x0000000080000000,0x00000000c9c505f8,0x00000000c9c80000)
 Metaspace       used 94453K, committed 96384K, reserved 1179648K
  class space    used 9570K, committed 10496K, reserved 1048576K
}
Event: 6678.997 GC heap after
{Heap after GC invocations=3564 (full 5):
 PSYoungGen      total 5632K, used 458K [0x00000000d5580000, 0x00000000d5c00000, 0x0000000100000000)
  eden space 4096K, 0% used [0x00000000d5580000,0x00000000d5580000,0x00000000d5980000)
  from space 1536K, 29% used [0x00000000d5980000,0x00000000d59f2910,0x00000000d5b00000)
  to   space 1024K, 0% used [0x00000000d5b00000,0x00000000d5b00000,0x00000000d5c00000)
 ParOldGen       total 1208832K, used 1208697K [0x0000000080000000, 0x00000000c9c80000, 0x00000000d5580000)
  object space 1208832K, 99% used [0x0000000080000000,0x00000000c9c5e5f8,0x00000000c9c80000)
 Metaspace       used 94453K, committed 96384K, reserved 1179648K
  class space    used 9570K, committed 10496K, reserved 1048576K
}
Event: 6679.021 GC heap before
{Heap before GC invocations=3565 (full 5):
 PSYoungGen      total 5632K, used 4554K [0x00000000d5580000, 0x00000000d5c00000, 0x0000000100000000)
  eden space 4096K, 99% used [0x00000000d5580000,0x00000000d597ffb8,0x00000000d5980000)
  from space 1536K, 29% used [0x00000000d5980000,0x00000000d59f2910,0x00000000d5b00000)
  to   space 1024K, 0% used [0x00000000d5b00000,0x00000000d5b00000,0x00000000d5c00000)
 ParOldGen       total 1208832K, used 1208697K [0x0000000080000000, 0x00000000c9c80000, 0x00000000d5580000)
  object space 1208832K, 99% used [0x0000000080000000,0x00000000c9c5e5f8,0x00000000c9c80000)
 Metaspace       used 94453K, committed 96384K, reserved 1179648K
  class space    used 9570K, committed 10496K, reserved 1048576K
}
Event: 6679.024 GC heap after
{Heap after GC invocations=3565 (full 5):
 PSYoungGen      total 4608K, used 996K [0x00000000d5580000, 0x00000000d5d80000, 0x0000000100000000)
  eden space 3584K, 0% used [0x00000000d5580000,0x00000000d5580000,0x00000000d5900000)
  from space 1024K, 97% used [0x00000000d5b00000,0x00000000d5bf9210,0x00000000d5c00000)
  to   space 2048K, 0% used [0x00000000d5900000,0x00000000d5900000,0x00000000d5b00000)
 ParOldGen       total 1209344K, used 1209102K [0x0000000080000000, 0x00000000c9d00000, 0x00000000d5580000)
  object space 1209344K, 99% used [0x0000000080000000,0x00000000c9cc3808,0x00000000c9d00000)
 Metaspace       used 94453K, committed 96384K, reserved 1179648K
  class space    used 9570K, committed 10496K, reserved 1048576K
}

